<?xml version="1.0" encoding="UTF-8"?>
<!-- Generated by org.testng.reporters.JUnitReportReporter -->
<testsuite hostname="Eldrid" name="test.AddContactTest" tests="1" failures="0" timestamp="29 Sep 2018 15:38:33 GMT" time="19.055" errors="0">
  <testcase name="AddContactinpage" time="19.055" classname="test.AddContactTest"/>
</testsuite> <!-- test.AddContactTest -->
